<?xml version="1.0" encoding="utf-8"?>
<TestRun id="62d93d8e-a158-40bd-a009-8afb4b4632f1" name="Madhukar.Gilla@LI1283 2025-08-15 13:47:29" runUser="APPLIEDIS\Madhukar.Gilla" xmlns="http://microsoft.com/schemas/VisualStudio/TeamTest/2010">
  <Times creation="2025-08-15T13:47:29.0394285+05:30" queuing="2025-08-15T13:47:29.0394290+05:30" start="2025-08-15T13:47:26.2463428+05:30" finish="2025-08-15T13:47:29.0648033+05:30" />
  <TestSettings name="default" id="0dd4d64f-7612-4314-b9b0-5ea984b2a449">
    <Deployment runDeploymentRoot="Madhukar.Gilla_LI1283_2025-08-15_13_47_29" />
  </TestSettings>
  <Results>
    <UnitTestResult executionId="592e58c3-3915-4995-91ca-91214ad9fe21" testId="63c6c28d-93f5-57ee-5e34-639530f41466" testName="CreateMapping.Tests.OfflineE2ETests.Offline_EndToEnd_GeneratesMappingFiles" computerName="LI1283" duration="00:00:01.8935276" startTime="2025-08-15T13:47:28.9255176+05:30" endTime="2025-08-15T13:47:28.9255469+05:30" testType="13cdc9d9-ddb5-4fa4-a97d-d965ccfc6d4b" outcome="Failed" testListId="8c84fa94-04c1-424b-9868-57a2d4851a1d" relativeResultsDirectory="592e58c3-3915-4995-91ca-91214ad9fe21">
      <Output>
        <ErrorInfo>
          <Message>Assert.True() Failure&#xD;
Expected: True&#xD;
Actual:   False</Message>
          <StackTrace>   at CreateMapping.Tests.OfflineE2ETests.Offline_EndToEnd_GeneratesMappingFiles() in D:\un-mimosa\migration_mapping\WillThisWork\CreateMapping\CreateMapping.Tests\OfflineE2ETests.cs:line 76&#xD;
--- End of stack trace from previous location ---</StackTrace>
        </ErrorInfo>
      </Output>
    </UnitTestResult>
  </Results>
  <TestDefinitions>
    <UnitTest name="CreateMapping.Tests.OfflineE2ETests.Offline_EndToEnd_GeneratesMappingFiles" storage="d:\un-mimosa\migration_mapping\willthiswork\createmapping\createmapping.tests\bin\debug\net8.0\createmapping.tests.dll" id="63c6c28d-93f5-57ee-5e34-639530f41466">
      <Execution id="592e58c3-3915-4995-91ca-91214ad9fe21" />
      <TestMethod codeBase="D:\un-mimosa\migration_mapping\WillThisWork\CreateMapping\CreateMapping.Tests\bin\Debug\net8.0\CreateMapping.Tests.dll" adapterTypeName="executor://xunit/VsTestRunner2/netcoreapp" className="CreateMapping.Tests.OfflineE2ETests" name="Offline_EndToEnd_GeneratesMappingFiles" />
    </UnitTest>
  </TestDefinitions>
  <TestEntries>
    <TestEntry testId="63c6c28d-93f5-57ee-5e34-639530f41466" executionId="592e58c3-3915-4995-91ca-91214ad9fe21" testListId="8c84fa94-04c1-424b-9868-57a2d4851a1d" />
  </TestEntries>
  <TestLists>
    <TestList name="Results Not in a List" id="8c84fa94-04c1-424b-9868-57a2d4851a1d" />
    <TestList name="All Loaded Results" id="19431567-8539-422a-85d7-44ee4e166bda" />
  </TestLists>
  <ResultSummary outcome="Failed">
    <Counters total="1" executed="1" passed="0" failed="1" error="0" timeout="0" aborted="0" inconclusive="0" passedButRunAborted="0" notRunnable="0" notExecuted="0" disconnected="0" warning="0" completed="0" inProgress="0" pending="0" />
    <Output>
      <StdOut>[xUnit.net 00:00:00.00] xUnit.net VSTest Adapter v2.5.8+bd6d97b49a (64-bit .NET 8.0.18)&#xD;
[xUnit.net 00:00:00.09]   Discovering: CreateMapping.Tests&#xD;
[xUnit.net 00:00:00.16]   Discovered:  CreateMapping.Tests&#xD;
[xUnit.net 00:00:00.17]   Starting:    CreateMapping.Tests&#xD;
13:47:28 info: CreateMapping.MappingApp[0] Parsing SQL metadata from script D:\un-mimosa\migration_mapping\WillThisWork\CreateMapping\docs\CaseMigrant.sql&#xD;
13:47:28 info: CreateMapping.MappingApp[0] Retrieving Dataverse metadata for m360_case&#xD;
13:47:28 info: CreateMapping.Services.OfflineDataverseMetadataProvider[0] Loaded 94 Dataverse columns from offline file D:\un-mimosa\migration_mapping\WillThisWork\CreateMapping\docs\m360_case_csv.csv&#xD;
13:47:28 info: CreateMapping.Mapping.MappingOrchestrator[0] Requesting AI mapping suggestions (source cols: 2, target cols: 94, custom target cols: 83, system target cols: 11)&#xD;
13:47:28 info: CreateMapping.Mapping.MappingOrchestrator[0] Mapping complete: 0 accepted, 0 need review, 2 unresolved source columns, 94 unused target columns&#xD;
13:47:28 info: CreateMapping.MappingApp[0] Mapping files written: D:\un-mimosa\migration_mapping\WillThisWork\CreateMapping\CreateMapping.Tests\_e2e_output\mapping_CaseMigrant_m360_case_20250815_081728.csv | D:\un-mimosa\migration_mapping\WillThisWork\CreateMapping\CreateMapping.Tests\_e2e_output\mapping_CaseMigrant_m360_case_20250815_081728.json&#xD;
[xUnit.net 00:00:02.12]       Assert.True() Failure&#xD;
[xUnit.net 00:00:02.13]       Expected: True&#xD;
[xUnit.net 00:00:02.13]       Actual:   False&#xD;
[xUnit.net 00:00:02.13]       Stack Trace:&#xD;
[xUnit.net 00:00:02.13]         D:\un-mimosa\migration_mapping\WillThisWork\CreateMapping\CreateMapping.Tests\OfflineE2ETests.cs(76,0): at CreateMapping.Tests.OfflineE2ETests.Offline_EndToEnd_GeneratesMappingFiles()&#xD;
[xUnit.net 00:00:02.13]         --- End of stack trace from previous location ---&#xD;
[xUnit.net 00:00:02.13]   Finished:    CreateMapping.Tests&#xD;
</StdOut>
    </Output>
    <RunInfos>
      <RunInfo computerName="LI1283" outcome="Error" timestamp="2025-08-15T13:47:28.9217864+05:30">
        <Text>[xUnit.net 00:00:02.12]     CreateMapping.Tests.OfflineE2ETests.Offline_EndToEnd_GeneratesMappingFiles [FAIL]</Text>
      </RunInfo>
    </RunInfos>
  </ResultSummary>
</TestRun>